dexy - INFO - starting logging for dexy
dexy - INFO - using config file 'dexy.yaml'
dexy - INFO - running 586d0e4405b3a96a708b88501b018045 pattern:*.html|hd|ft|jinja: about to run 'pattern:*.html|hd|ft|jinja'
dexy - INFO - running 35bb505b31b06edac1f9885d8d164c10 pattern:*.md|pandoc|htmlsections: about to run 'pattern:*.md|pandoc|htmlsections'
dexy - INFO - running d004f9f1f417e476d58fc5878c9735ab doc:components/descriptions.md|pandoc|htmlsections: about to run 'doc:components/descriptions.md|pandoc|htmlsections'
dexy - INFO - running 3e43f59a67017c1c90ff268d512dbdac doc:README.md|pandoc|htmlsections: about to run 'doc:README.md|pandoc|htmlsections'
dexy - INFO - running 75265778dcc352dc58442a711222ba28 doc:styletile.md|pandoc|htmlsections: about to run 'doc:styletile.md|pandoc|htmlsections'
dexy - INFO - running 5dfc845b877e3fa9d3b50008a9d414f3 pattern:*.html|htmlsections: about to run 'pattern:*.html|htmlsections'
dexy - INFO - running ddc986756365572063a6bd33258076a5 doc:brandguidelines.html|htmlsections: about to run 'doc:brandguidelines.html|htmlsections'
dexy - INFO - running fc480f1e2e14f2ee479e914707034b92 doc:_footer.html|htmlsections: about to run 'doc:_footer.html|htmlsections'
dexy - INFO - running 6b950ae7454d391e5d5341447e75dd68 doc:prototype.html|htmlsections: about to run 'doc:prototype.html|htmlsections'
dexy - INFO - running 79f41b5fb748e8cc0043020105fcee94 doc:cuti.html|htmlsections: about to run 'doc:cuti.html|htmlsections'
dexy - INFO - running de9511f2e3327947852604d0b7c640b0 doc:demo/demo.html|htmlsections: about to run 'doc:demo/demo.html|htmlsections'
dexy - INFO - running bbf9e2c14cfda97b645b11e9f95bb6ed doc:_header.html|htmlsections: about to run 'doc:_header.html|htmlsections'
dexy - INFO - running ce728a02da3e11fd9a8c1ecbdd12bcf0 doc:components/sections.html|htmlsections: about to run 'doc:components/sections.html|htmlsections'
dexy - INFO - running 250153bb36e4b2284fb6709c834b3642 doc:styleguide.html|htmlsections: about to run 'doc:styleguide.html|htmlsections'
dexy - INFO - running 6792ec1ae5da48ed7679f1c879b11911 doc:patternlibrary.html|htmlsections: about to run 'doc:patternlibrary.html|htmlsections'
dexy - INFO - running 67790f6e09aa9545a37a81102b3a918f doc:index.html|htmlsections: about to run 'doc:index.html|htmlsections'
dexy - INFO - running fff44f2f97ec6838b33249dd2d662aab doc:grid.html|htmlsections: about to run 'doc:grid.html|htmlsections'
dexy - INFO - running 25e00eda5edb935a75a31281ce659ba5 doc:performance.html|htmlsections: about to run 'doc:performance.html|htmlsections'
dexy - INFO - running ad5b7dc452d98e0b002d9e657aedf668 doc:styletile.html|htmlsections: about to run 'doc:styletile.html|htmlsections'
dexy - INFO - running 09b24b271b952c25ac77da42f46ada4a pattern:*.css|idio: about to run 'pattern:*.css|idio'
dexy - INFO - running b4d01ed15671d4984c18bf9a62f5a638 doc:demo/style.css|idio: about to run 'doc:demo/style.css|idio'
dexy - INFO - running cdeab7347adb38a99d1dfdd680d56216 doc:css/screen.css|idio: about to run 'doc:css/screen.css|idio'
dexy - INFO - running b67da394935eeaa91dcea13aabb46f5d pattern:*.scss|idio: about to run 'pattern:*.scss|idio'
dexy - INFO - running 8cb09226d170d496389e629dc3af84ed doc:sass/style-docs/_settings.scss|idio: about to run 'doc:sass/style-docs/_settings.scss|idio'
dexy - INFO - running 5626f3e0bdb1ec3a445992b0044e249b doc:sass/style-docs/_grid.scss|idio: about to run 'doc:sass/style-docs/_grid.scss|idio'
dexy - INFO - running bf520806954cf555dc0ed90f81636b8b doc:sass/style-docs/_syntax-highlight.scss|idio: about to run 'doc:sass/style-docs/_syntax-highlight.scss|idio'
dexy - INFO - running fc069715f7131a1dbd7f31e43a057528 doc:sass/style-docs/_styletile.scss|idio: about to run 'doc:sass/style-docs/_styletile.scss|idio'
dexy - INFO - running 969e2593512eeb18d2b924d849645e83 doc:sass/screen.scss|idio: about to run 'doc:sass/screen.scss|idio'
dexy - INFO - running 2381f6ccbab137602036ee805e0c8c4a doc:sass/style-docs/_layout.scss|idio: about to run 'doc:sass/style-docs/_layout.scss|idio'
dexy - INFO - running 30267b9a386dfee4f146ab19a058c3c7 doc:sass/style-docs/_components.scss|idio: about to run 'doc:sass/style-docs/_components.scss|idio'
dexy - INFO - running 3ea12bb07796df572726916bc9595070 doc:_header.html|jinja: about to run 'doc:_header.html|jinja'
dexy - INFO - running ef9867c9447d3057d472ad426df86a05 pattern:_*.html: about to run 'pattern:_*.html'
dexy - INFO - running f0715a4bbfb56fc77971a8954f077871 doc:_footer.html: about to run 'doc:_footer.html'
dexy - INFO - running 69d9b376a29cd8dfe07b3ffec18d4b55 doc:_header.html: about to run 'doc:_header.html'
dexy - INFO - running a39c8cfca6c63f0eaa27216671e19220 doc:screenshots.js|casperjs: about to run 'doc:screenshots.js|casperjs'
dexy - INFO - running 2b45eb7e748a7e61e35f52b32ce33638 pattern:*.js|idio: about to run 'pattern:*.js|idio'
dexy - INFO - running 27b3d09d80ae6dc10069338129e4f3eb doc:js/styleguide.js|idio: about to run 'doc:js/styleguide.js|idio'
dexy - INFO - running 260e63326a41f8a1e119bd2077376dee doc:screenshots.js|idio: about to run 'doc:screenshots.js|idio'
dexy - INFO - running 8ddfe690a0243a9b44ff5e755b262875 doc:brandguidelines.html|hd|ft|jinja: about to run 'doc:brandguidelines.html|hd|ft|jinja'
dexy - INFO - running 32605870b5f8aaf36b77c660da9f4532 doc:_footer.html|hd|ft|jinja: about to run 'doc:_footer.html|hd|ft|jinja'
dexy - INFO - running fc4bf924b82d659057ee683d134b44e3 doc:prototype.html|hd|ft|jinja: about to run 'doc:prototype.html|hd|ft|jinja'
dexy - INFO - running a4fa53ec0517f9b969e5a7059ea944e9 doc:cuti.html|hd|ft|jinja: about to run 'doc:cuti.html|hd|ft|jinja'
dexy - INFO - running 3a0c678926876310cbc77effc54ad911 doc:demo/demo.html|hd|ft|jinja: about to run 'doc:demo/demo.html|hd|ft|jinja'
dexy - INFO - running 2cb96a177ee72023ae8fc810efb01de9 doc:_header.html|hd|ft|jinja: about to run 'doc:_header.html|hd|ft|jinja'
dexy - INFO - running 4499be3c50d907f921e2f57fe9216c8d doc:components/sections.html|hd|ft|jinja: about to run 'doc:components/sections.html|hd|ft|jinja'
dexy - INFO - running 9358ef4d66af71d94cd24143373e039b doc:styleguide.html|hd|ft|jinja: about to run 'doc:styleguide.html|hd|ft|jinja'
dexy - INFO - running f55f3f6a06c7db4029a9101385ca4545 doc:patternlibrary.html|hd|ft|jinja: about to run 'doc:patternlibrary.html|hd|ft|jinja'
dexy - INFO - running 0e1e66e9c73bf5cd87c04cea1e52d7ac doc:index.html|hd|ft|jinja: about to run 'doc:index.html|hd|ft|jinja'
dexy - INFO - running 33f10903ccb46053dfa9bec95e566809 doc:grid.html|hd|ft|jinja: about to run 'doc:grid.html|hd|ft|jinja'
dexy - INFO - running 0252d41ec55c4c9e043edcc496d8f0ce doc:performance.html|hd|ft|jinja: about to run 'doc:performance.html|hd|ft|jinja'
dexy - INFO - running 4aaa88fb1d350f4dcb125769595455da doc:styletile.html|hd|ft|jinja: about to run 'doc:styletile.html|hd|ft|jinja'
dexy - INFO - running 32bb636196f91ed59d7a49190e26b42c bundle:assets: about to run 'bundle:assets'
dexy - INFO - running fc36854b6867c1581ab159b09dd7e2f4 pattern:*.png: about to run 'pattern:*.png'
dexy - INFO - running d6754694d831740918dd632cd87c9080 doc:imgs/white_paperboard.png: about to run 'doc:imgs/white_paperboard.png'
dexy - INFO - running 0fcabc76a91c7aeeac8a7760400d25b6 doc:imgs/subtle_grunge.png: about to run 'doc:imgs/subtle_grunge.png'
dexy - INFO - running d8a6b8cc02e77e0bf97f19fbd0984430 doc:imgs/pw_maze_white.png: about to run 'doc:imgs/pw_maze_white.png'
dexy - INFO - running 1fefe51ec05ae4f6b1b9a4a5328c4573 pattern:*.css: about to run 'pattern:*.css'
dexy - INFO - running f00b0bf909b50d5967075bce43438eb4 doc:demo/style.css: about to run 'doc:demo/style.css'
dexy - INFO - running 85d2f52ebf6a9ed417320efc67304b27 doc:css/screen.css: about to run 'doc:css/screen.css'
dexy - WARNING - reporter:output: WARNING overwriting file output/_header.html
dexy - WARNING - reporter:output: WARNING overwriting file output/styletile.json
dexy - WARNING - reporter:output: WARNING overwriting file output/_footer.html
dexy - WARNING - reporter:output: WARNING overwriting file output/_header.html
